Arguments: 
  C:\Program Files\nodejs\node.exe C:\Program Files (x86)\Yarn\bin\yarn.js add @types/exponential-backoff @types/limiter

PATH: 
  C:\WINDOWS\system32;C:\WINDOWS;C:\WINDOWS\System32\Wbem;C:\WINDOWS\System32\WindowsPowerShell\v1.0\;C:\WINDOWS\System32\OpenSSH\;C:\Users\BlockApex 01\nvm;C:\Program Files\nodejs;C:\Program Files\Git\cmd;;C:\Program Files (x86)\Yarn\bin\;C:\Users\BlockApex 01\AppData\Local\Microsoft\WindowsApps;C:\Users\BlockApex 01\nvm;C:\Users\BlockApex 01\AppData\Local\Programs\Microsoft VS Code\bin;C:\Users\BlockApex 01\AppData\Local\Yarn\bin;C:\Users\BlockApex 01\AppData\Roaming\npm;C:\Users\BlockApex 01\nvm

Yarn version: 
  1.22.19

Node version: 
  18.16.0

Platform: 
  win32 x64

Trace: 
  Error: https://registry.yarnpkg.com/@types%2fexponential-backoff: Not found
      at params.callback [as _callback] (C:\Program Files (x86)\Yarn\lib\cli.js:66145:18)
      at self.callback (C:\Program Files (x86)\Yarn\lib\cli.js:140890:22)
      at Request.emit (node:events:513:28)
      at Request.<anonymous> (C:\Program Files (x86)\Yarn\lib\cli.js:141862:10)
      at Request.emit (node:events:513:28)
      at IncomingMessage.<anonymous> (C:\Program Files (x86)\Yarn\lib\cli.js:141784:12)
      at Object.onceWrapper (node:events:627:28)
      at IncomingMessage.emit (node:events:525:35)
      at endReadableNT (node:internal/streams/readable:1359:12)
      at process.processTicksAndRejections (node:internal/process/task_queues:82:21)

npm manifest: 
  {
    "dependencies": {
      "exponential-backoff": "^3.1.1",
      "limiter": "^2.1.0"
    }
  }

yarn manifest: 
  No manifest

Lockfile: 
  # THIS IS AN AUTOGENERATED FILE. DO NOT EDIT THIS FILE DIRECTLY.
  # yarn lockfile v1
  
  
  exponential-backoff@^3.1.1:
    version "3.1.1"
    resolved "https://registry.yarnpkg.com/exponential-backoff/-/exponential-backoff-3.1.1.tgz#64ac7526fe341ab18a39016cd22c787d01e00bf6"
    integrity sha512-dX7e/LHVJ6W3DE1MHWi9S1EYzDESENfLrYohG2G++ovZrYOkm4Knwa0mc1cn84xJOR4KEU0WSchhLbd0UklbHw==
  
  just-performance@4.3.0:
    version "4.3.0"
    resolved "https://registry.yarnpkg.com/just-performance/-/just-performance-4.3.0.tgz#cc2bc8c9227f09e97b6b1df4cd0de2df7ae16db1"
    integrity sha512-L7RjvtJsL0QO8xFs5wEoDDzzJwoiowRw6Rn/GnvldlchS2JQr9wFYPiwZcDfrbbujEKqKN0tvENdbjXdYhDp5Q==
  
  limiter@^2.1.0:
    version "2.1.0"
    resolved "https://registry.yarnpkg.com/limiter/-/limiter-2.1.0.tgz#d38d7c5b63729bb84fb0c4d8594b7e955a5182a2"
    integrity sha512-361TYz6iay6n+9KvUUImqdLuFigK+K79qrUtBsXhJTLdH4rIt/r1y8r1iozwh8KbZNpujbFTSh74mJ7bwbAMOw==
    dependencies:
      just-performance "4.3.0"
